c:\users\sabrina\source\repos\jackson-pa2\jackson-pa2\x64\debug\vc143.pdb
c:\users\sabrina\source\repos\jackson-pa2\jackson-pa2\x64\debug\vc143.idb
c:\users\sabrina\source\repos\jackson-pa2\jackson-pa2\x64\debug\window.obj
c:\users\sabrina\source\repos\jackson-pa2\jackson-pa2\x64\debug\shader.obj
c:\users\sabrina\source\repos\jackson-pa2\jackson-pa2\x64\debug\object.obj
c:\users\sabrina\source\repos\jackson-pa2\jackson-pa2\x64\debug\main.obj
c:\users\sabrina\source\repos\jackson-pa2\jackson-pa2\x64\debug\graphics.obj
c:\users\sabrina\source\repos\jackson-pa2\jackson-pa2\x64\debug\engine.obj
c:\users\sabrina\source\repos\jackson-pa2\jackson-pa2\x64\debug\cube.obj
c:\users\sabrina\source\repos\jackson-pa2\jackson-pa2\x64\debug\camera.obj
c:\users\sabrina\source\repos\jackson-pa2\jackson-pa2\x64\debug\jackson-pa2.ilk
c:\users\sabrina\source\repos\jackson-pa2\x64\debug\jackson-pa2.pdb
c:\users\sabrina\source\repos\jackson-pa2\x64\debug\jackson-pa2.exe
c:\users\sabrina\source\repos\jackson-pa2\jackson-pa2\x64\debug\jackson-pa2.tlog\cl.command.1.tlog
c:\users\sabrina\source\repos\jackson-pa2\jackson-pa2\x64\debug\jackson-pa2.tlog\cl.items.tlog
c:\users\sabrina\source\repos\jackson-pa2\jackson-pa2\x64\debug\jackson-pa2.tlog\cl.read.1.tlog
c:\users\sabrina\source\repos\jackson-pa2\jackson-pa2\x64\debug\jackson-pa2.tlog\cl.write.1.tlog
c:\users\sabrina\source\repos\jackson-pa2\jackson-pa2\x64\debug\jackson-pa2.tlog\link.command.1.tlog
c:\users\sabrina\source\repos\jackson-pa2\jackson-pa2\x64\debug\jackson-pa2.tlog\link.read.1.tlog
c:\users\sabrina\source\repos\jackson-pa2\jackson-pa2\x64\debug\jackson-pa2.tlog\link.write.1.tlog
