  camera.cpp
  cube.cpp
C:\Users\Sabrina\source\repos\Jackson-PA2\Jackson-PA2\cube.cpp(93,43): warning C4267: 'argument': conversion from 'size_t' to 'GLsizei', possible loss of data
  engine.cpp
C:\Users\Sabrina\source\repos\Jackson-PA2\Jackson-PA2\engine.cpp(89,23): warning C4244: 'return': conversion from 'double' to 'unsigned int', possible loss of data
C:\Users\Sabrina\source\repos\Jackson-PA2\Jackson-PA2\engine.cpp(107,24): warning C4244: 'argument': conversion from 'double' to 'unsigned int', possible loss of data
  graphics.cpp
C:\Users\Sabrina\source\repos\Jackson-PA2\Jackson-PA2\graphics.cpp(105,26): warning C4305: 'argument': truncation from 'double' to 'GLclampf'
C:\Users\Sabrina\source\repos\Jackson-PA2\Jackson-PA2\graphics.cpp(105,21): warning C4305: 'argument': truncation from 'double' to 'GLclampf'
  main.cpp
  object.cpp
C:\Users\Sabrina\source\repos\Jackson-PA2\Jackson-PA2\object.cpp(116,43): warning C4267: 'argument': conversion from 'size_t' to 'GLsizei', possible loss of data
  shader.cpp
  window.cpp
  Previous IPDB not found, fall back to full compilation.
LINK : warning LNK4098: defaultlib 'MSVCRTD' conflicts with use of other libs; use /NODEFAULTLIB:library
  Generating code
  All 324 functions were compiled because no usable IPDB/IOBJ from previous compilation was found.
  Finished generating code
  Jackson-PA2.vcxproj -> C:\Users\Sabrina\source\repos\Jackson-PA2\x64\Release\Jackson-PA2.exe
